# JRE version: Java(TM) SE Runtime Environment (8.0_102-b14) (build 1.8.0_102-b14)
# Java VM: Java HotSpot(TM) 64-Bit Server VM (25.102-b14 mixed mode windows-amd64 compressed oops)
Heap:
 PSYoungGen      total 211456K, used 173850K [0x00000000eab00000, 0x00000000f9400000, 0x0000000100000000)
  eden space 190464K, 91% used [0x00000000eab00000,0x00000000f54c6860,0x00000000f6500000)
  from space 20992K, 0% used [0x00000000f7b80000,0x00000000f7b80000,0x00000000f9000000)
  to   space 23040K, 0% used [0x00000000f6500000,0x00000000f6500000,0x00000000f7b80000)
 ParOldGen       total 86016K, used 46093K [0x00000000c0000000, 0x00000000c5400000, 0x00000000eab00000)
  object space 86016K, 53% used [0x00000000c0000000,0x00000000c2d03640,0x00000000c5400000)
 Metaspace       used 53950K, capacity 56386K, committed 56576K, reserved 1097728K
  class space    used 7507K, capacity 8189K, committed 8192K, reserved 1048576K
GC Heap History (10 events):
Event: 30.576 GC heap before
{Heap before GC invocations=13 (full 2):
 PSYoungGen      total 109568K, used 98304K [0x00000000eab00000, 0x00000000f2d00000, 0x0000000100000000)
  eden space 98304K, 100% used [0x00000000eab00000,0x00000000f0b00000,0x00000000f0b00000)
  from space 11264K, 0% used [0x00000000f1600000,0x00000000f1600000,0x00000000f2100000)
  to   space 11264K, 0% used [0x00000000f0b00000,0x00000000f0b00000,0x00000000f1600000)
 ParOldGen       total 86016K, used 14835K [0x00000000c0000000, 0x00000000c5400000, 0x00000000eab00000)
  object space 86016K, 17% used [0x00000000c0000000,0x00000000c0e7cdb8,0x00000000c5400000)
 Metaspace       used 43292K, capacity 44180K, committed 44416K, reserved 1087488K
  class space    used 5941K, capacity 6207K, committed 6272K, reserved 1048576K
Event: 30.608 GC heap after
Heap after GC invocations=13 (full 2):
 PSYoungGen      total 109568K, used 11258K [0x00000000eab00000, 0x00000000f4d00000, 0x0000000100000000)
  eden space 98304K, 0% used [0x00000000eab00000,0x00000000eab00000,0x00000000f0b00000)
  from space 11264K, 99% used [0x00000000f0b00000,0x00000000f15fea30,0x00000000f1600000)
  to   space 12800K, 0% used [0x00000000f4080000,0x00000000f4080000,0x00000000f4d00000)
 ParOldGen       total 86016K, used 15656K [0x00000000c0000000, 0x00000000c5400000, 0x00000000eab00000)
  object space 86016K, 18% used [0x00000000c0000000,0x00000000c0f4a068,0x00000000c5400000)
 Metaspace       used 43292K, capacity 44180K, committed 44416K, reserved 1087488K
  class space    used 5941K, capacity 6207K, committed 6272K, reserved 1048576K
}
Event: 34.993 GC heap before
{Heap before GC invocations=14 (full 2):
 PSYoungGen      total 109568K, used 109562K [0x00000000eab00000, 0x00000000f4d00000, 0x0000000100000000)
  eden space 98304K, 100% used [0x00000000eab00000,0x00000000f0b00000,0x00000000f0b00000)
  from space 11264K, 99% used [0x00000000f0b00000,0x00000000f15fea30,0x00000000f1600000)
  to   space 12800K, 0% used [0x00000000f4080000,0x00000000f4080000,0x00000000f4d00000)
 ParOldGen       total 86016K, used 15656K [0x00000000c0000000, 0x00000000c5400000, 0x00000000eab00000)
  object space 86016K, 18% used [0x00000000c0000000,0x00000000c0f4a068,0x00000000c5400000)
 Metaspace       used 45285K, capacity 46276K, committed 46464K, reserved 1089536K
  class space    used 6146K, capacity 6425K, committed 6528K, reserved 1048576K
Event: 35.026 GC heap after
Heap after GC invocations=14 (full 2):
 PSYoungGen      total 150016K, used 12780K [0x00000000eab00000, 0x00000000f4e00000, 0x0000000100000000)
  eden space 137216K, 0% used [0x00000000eab00000,0x00000000eab00000,0x00000000f3100000)
  from space 12800K, 99% used [0x00000000f4080000,0x00000000f4cfb360,0x00000000f4d00000)
  to   space 14848K, 0% used [0x00000000f3100000,0x00000000f3100000,0x00000000f3f80000)
 ParOldGen       total 86016K, used 16556K [0x00000000c0000000, 0x00000000c5400000, 0x00000000eab00000)
  object space 86016K, 19% used [0x00000000c0000000,0x00000000c102b320,0x00000000c5400000)
 Metaspace       used 45285K, capacity 46276K, committed 46464K, reserved 1089536K
  class space    used 6146K, capacity 6425K, committed 6528K, reserved 1048576K
}
Event: 38.354 GC heap before
{Heap before GC invocations=15 (full 2):
 PSYoungGen      total 150016K, used 149996K [0x00000000eab00000, 0x00000000f4e00000, 0x0000000100000000)
  eden space 137216K, 100% used [0x00000000eab00000,0x00000000f3100000,0x00000000f3100000)
  from space 12800K, 99% used [0x00000000f4080000,0x00000000f4cfb360,0x00000000f4d00000)
  to   space 14848K, 0% used [0x00000000f3100000,0x00000000f3100000,0x00000000f3f80000)
 ParOldGen       total 86016K, used 16556K [0x00000000c0000000, 0x00000000c5400000, 0x00000000eab00000)
  object space 86016K, 19% used [0x00000000c0000000,0x00000000c102b320,0x00000000c5400000)
 Metaspace       used 51124K, capacity 52758K, committed 52864K, reserved 1095680K
  class space    used 7074K, capacity 7509K, committed 7552K, reserved 1048576K
Event: 38.457 GC heap after
Heap after GC invocations=15 (full 2):
 PSYoungGen      total 152064K, used 14835K [0x00000000eab00000, 0x00000000f9000000, 0x0000000100000000)
  eden space 137216K, 0% used [0x00000000eab00000,0x00000000eab00000,0x00000000f3100000)
  from space 14848K, 99% used [0x00000000f3100000,0x00000000f3f7ce88,0x00000000f3f80000)
  to   space 20992K, 0% used [0x00000000f7b80000,0x00000000f7b80000,0x00000000f9000000)
 ParOldGen       total 86016K, used 27750K [0x00000000c0000000, 0x00000000c5400000, 0x00000000eab00000)
  object space 86016K, 32% used [0x00000000c0000000,0x00000000c1b19a78,0x00000000c5400000)
 Metaspace       used 51124K, capacity 52758K, committed 52864K, reserved 1095680K
  class space    used 7074K, capacity 7509K, committed 7552K, reserved 1048576K
}
Event: 40.699 GC heap before
{Heap before GC invocations=16 (full 2):
 PSYoungGen      total 152064K, used 112068K [0x00000000eab00000, 0x00000000f9000000, 0x0000000100000000)
  eden space 137216K, 70% used [0x00000000eab00000,0x00000000f09f44d8,0x00000000f3100000)
  from space 14848K, 99% used [0x00000000f3100000,0x00000000f3f7ce88,0x00000000f3f80000)
  to   space 20992K, 0% used [0x00000000f7b80000,0x00000000f7b80000,0x00000000f9000000)
 ParOldGen       total 86016K, used 27750K [0x00000000c0000000, 0x00000000c5400000, 0x00000000eab00000)
  object space 86016K, 32% used [0x00000000c0000000,0x00000000c1b19a78,0x00000000c5400000)
 Metaspace       used 53403K, capacity 55768K, committed 55808K, reserved 1097728K
  class space    used 7481K, capacity 8160K, committed 8192K, reserved 1048576K
Event: 40.811 GC heap after
Heap after GC invocations=16 (full 2):
 PSYoungGen      total 211456K, used 18645K [0x00000000eab00000, 0x00000000f9400000, 0x0000000100000000)
  eden space 190464K, 0% used [0x00000000eab00000,0x00000000eab00000,0x00000000f6500000)
  from space 20992K, 88% used [0x00000000f7b80000,0x00000000f8db54a0,0x00000000f9000000)
  to   space 23040K, 0% used [0x00000000f6500000,0x00000000f6500000,0x00000000f7b80000)
 ParOldGen       total 86016K, used 34103K [0x00000000c0000000, 0x00000000c5400000, 0x00000000eab00000)
  object space 86016K, 39% used [0x00000000c0000000,0x00000000c214dc18,0x00000000c5400000)
 Metaspace       used 53403K, capacity 55768K, committed 55808K, reserved 1097728K
  class space    used 7481K, capacity 8160K, committed 8192K, reserved 1048576K
}
Event: 40.811 GC heap before
{Heap before GC invocations=17 (full 3):
 PSYoungGen      total 211456K, used 18645K [0x00000000eab00000, 0x00000000f9400000, 0x0000000100000000)
  eden space 190464K, 0% used [0x00000000eab00000,0x00000000eab00000,0x00000000f6500000)
  from space 20992K, 88% used [0x00000000f7b80000,0x00000000f8db54a0,0x00000000f9000000)
  to   space 23040K, 0% used [0x00000000f6500000,0x00000000f6500000,0x00000000f7b80000)
 ParOldGen       total 86016K, used 34103K [0x00000000c0000000, 0x00000000c5400000, 0x00000000eab00000)
  object space 86016K, 39% used [0x00000000c0000000,0x00000000c214dc18,0x00000000c5400000)
 Metaspace       used 53403K, capacity 55768K, committed 55808K, reserved 1097728K
  class space    used 7481K, capacity 8160K, committed 8192K, reserved 1048576K
Event: 41.383 GC heap after
Heap after GC invocations=17 (full 3):
 PSYoungGen      total 211456K, used 0K [0x00000000eab00000, 0x00000000f9400000, 0x0000000100000000)
  eden space 190464K, 0% used [0x00000000eab00000,0x00000000eab00000,0x00000000f6500000)
  from space 20992K, 0% used [0x00000000f7b80000,0x00000000f7b80000,0x00000000f9000000)
  to   space 23040K, 0% used [0x00000000f6500000,0x00000000f6500000,0x00000000f7b80000)
 ParOldGen       total 86016K, used 46093K [0x00000000c0000000, 0x00000000c5400000, 0x00000000eab00000)
  object space 86016K, 53% used [0x00000000c0000000,0x00000000c2d03640,0x00000000c5400000)
 Metaspace       used 53403K, capacity 55768K, committed 55808K, reserved 1097728K
  class space    used 7481K, capacity 8160K, committed 8192K, reserved 1048576K
}

