# JRE version: Java(TM) SE Runtime Environment (8.0_60-b27) (build 1.8.0_60-b27)
# Java VM: Java HotSpot(TM) 64-Bit Server VM (25.60-b23 mixed mode linux-amd64 compressed oops)
Heap:
 PSYoungGen      total 493568K, used 0K [0x00000000d5580000, 0x0000000100000000, 0x0000000100000000)
  eden space 288256K, 0% used [0x00000000d5580000,0x00000000d5580000,0x00000000e6f00000)
  from space 205312K, 0% used [0x00000000e6f00000,0x00000000e6f00000,0x00000000f3780000)
  to   space 202240K, 0% used [0x00000000f3a80000,0x00000000f3a80000,0x0000000100000000)
 ParOldGen       total 690176K, used 646097K [0x0000000080000000, 0x00000000aa200000, 0x00000000d5580000)
  object space 690176K, 93% used [0x0000000080000000,0x00000000a76f45b0,0x00000000aa200000)
 Metaspace       used 6576K, capacity 7320K, committed 7680K, reserved 1056768K
  class space    used 616K, capacity 656K, committed 768K, reserved 1048576K
GC Heap History (10 events):
Event: 59.433 GC heap after
Heap after GC invocations=23 (full 5):
 PSYoungGen      total 520704K, used 80404K [0x00000000d5580000, 0x0000000100000000, 0x0000000100000000)
  eden space 401920K, 0% used [0x00000000d5580000,0x00000000d5580000,0x00000000ede00000)
  from space 118784K, 67% used [0x00000000f8c00000,0x00000000fda85100,0x0000000100000000)
  to   space 148480K, 0% used [0x00000000ede00000,0x00000000ede00000,0x00000000f6f00000)
 ParOldGen       total 483328K, used 431278K [0x0000000080000000, 0x000000009d800000, 0x00000000d5580000)
  object space 483328K, 89% used [0x0000000080000000,0x000000009a52b878,0x000000009d800000)
 Metaspace       used 6573K, capacity 7320K, committed 7680K, reserved 1056768K
  class space    used 615K, capacity 656K, committed 768K, reserved 1048576K
}
Event: 59.433 GC heap before
{Heap before GC invocations=24 (full 6):
 PSYoungGen      total 520704K, used 80404K [0x00000000d5580000, 0x0000000100000000, 0x0000000100000000)
  eden space 401920K, 0% used [0x00000000d5580000,0x00000000d5580000,0x00000000ede00000)
  from space 118784K, 67% used [0x00000000f8c00000,0x00000000fda85100,0x0000000100000000)
  to   space 148480K, 0% used [0x00000000ede00000,0x00000000ede00000,0x00000000f6f00000)
 ParOldGen       total 483328K, used 431278K [0x0000000080000000, 0x000000009d800000, 0x00000000d5580000)
  object space 483328K, 89% used [0x0000000080000000,0x000000009a52b878,0x000000009d800000)
 Metaspace       used 6573K, capacity 7320K, committed 7680K, reserved 1056768K
  class space    used 615K, capacity 656K, committed 768K, reserved 1048576K
Event: 62.633 GC heap after
Heap after GC invocations=24 (full 6):
 PSYoungGen      total 520704K, used 19720K [0x00000000d5580000, 0x0000000100000000, 0x0000000100000000)
  eden space 401920K, 0% used [0x00000000d5580000,0x00000000d5580000,0x00000000ede00000)
  from space 118784K, 16% used [0x00000000f8c00000,0x00000000f9f42380,0x0000000100000000)
  to   space 148480K, 0% used [0x00000000ede00000,0x00000000ede00000,0x00000000f6f00000)
 ParOldGen       total 690176K, used 483004K [0x0000000080000000, 0x00000000aa200000, 0x00000000d5580000)
  object space 690176K, 69% used [0x0000000080000000,0x000000009d7af108,0x00000000aa200000)
 Metaspace       used 6573K, capacity 7320K, committed 7680K, reserved 1056768K
  class space    used 615K, capacity 656K, committed 768K, reserved 1048576K
}
Event: 70.104 GC heap before
{Heap before GC invocations=25 (full 6):
 PSYoungGen      total 520704K, used 421640K [0x00000000d5580000, 0x0000000100000000, 0x0000000100000000)
  eden space 401920K, 100% used [0x00000000d5580000,0x00000000ede00000,0x00000000ede00000)
  from space 118784K, 16% used [0x00000000f8c00000,0x00000000f9f42380,0x0000000100000000)
  to   space 148480K, 0% used [0x00000000ede00000,0x00000000ede00000,0x00000000f6f00000)
 ParOldGen       total 690176K, used 483007K [0x0000000080000000, 0x00000000aa200000, 0x00000000d5580000)
  object space 690176K, 69% used [0x0000000080000000,0x000000009d7afda0,0x00000000aa200000)
 Metaspace       used 6575K, capacity 7320K, committed 7680K, reserved 1056768K
  class space    used 615K, capacity 656K, committed 768K, reserved 1048576K
Event: 70.585 GC heap after
Heap after GC invocations=25 (full 6):
 PSYoungGen      total 484352K, used 82415K [0x00000000d5580000, 0x0000000100000000, 0x0000000100000000)
  eden space 401920K, 0% used [0x00000000d5580000,0x00000000d5580000,0x00000000ede00000)
  from space 82432K, 99% used [0x00000000ede00000,0x00000000f2e7bcc8,0x00000000f2e80000)
  to   space 149504K, 0% used [0x00000000f6e00000,0x00000000f6e00000,0x0000000100000000)
 ParOldGen       total 690176K, used 483007K [0x0000000080000000, 0x00000000aa200000, 0x00000000d5580000)
  object space 690176K, 69% used [0x0000000080000000,0x000000009d7afda0,0x00000000aa200000)
 Metaspace       used 6575K, capacity 7320K, committed 7680K, reserved 1056768K
  class space    used 615K, capacity 656K, committed 768K, reserved 1048576K
}
Event: 72.820 GC heap before
{Heap before GC invocations=26 (full 6):
 PSYoungGen      total 484352K, used 484335K [0x00000000d5580000, 0x0000000100000000, 0x0000000100000000)
  eden space 401920K, 100% used [0x00000000d5580000,0x00000000ede00000,0x00000000ede00000)
  from space 82432K, 99% used [0x00000000ede00000,0x00000000f2e7bcc8,0x00000000f2e80000)
  to   space 149504K, 0% used [0x00000000f6e00000,0x00000000f6e00000,0x0000000100000000)
 ParOldGen       total 690176K, used 483007K [0x0000000080000000, 0x00000000aa200000, 0x00000000d5580000)
  object space 690176K, 69% used [0x0000000080000000,0x000000009d7afda0,0x00000000aa200000)
 Metaspace       used 6576K, capacity 7320K, committed 7680K, reserved 1056768K
  class space    used 616K, capacity 656K, committed 768K, reserved 1048576K
Event: 79.496 GC heap after
Heap after GC invocations=26 (full 6):
 PSYoungGen      total 437760K, used 149492K [0x00000000d5580000, 0x0000000100000000, 0x0000000100000000)
  eden space 288256K, 0% used [0x00000000d5580000,0x00000000d5580000,0x00000000e6f00000)
  from space 149504K, 99% used [0x00000000f6e00000,0x00000000ffffd0f0,0x0000000100000000)
  to   space 205312K, 0% used [0x00000000e6f00000,0x00000000e6f00000,0x00000000f3780000)
 ParOldGen       total 690176K, used 567995K [0x0000000080000000, 0x00000000aa200000, 0x00000000d5580000)
  object space 690176K, 82% used [0x0000000080000000,0x00000000a2aaefd0,0x00000000aa200000)
 Metaspace       used 6576K, capacity 7320K, committed 7680K, reserved 1056768K
  class space    used 616K, capacity 656K, committed 768K, reserved 1048576K
}
Event: 81.748 GC heap before
{Heap before GC invocations=27 (full 6):
 PSYoungGen      total 437760K, used 437748K [0x00000000d5580000, 0x0000000100000000, 0x0000000100000000)
  eden space 288256K, 100% used [0x00000000d5580000,0x00000000e6f00000,0x00000000e6f00000)
  from space 149504K, 99% used [0x00000000f6e00000,0x00000000ffffd0f0,0x0000000100000000)
  to   space 205312K, 0% used [0x00000000e6f00000,0x00000000e6f00000,0x00000000f3780000)
 ParOldGen       total 690176K, used 567995K [0x0000000080000000, 0x00000000aa200000, 0x00000000d5580000)
  object space 690176K, 82% used [0x0000000080000000,0x00000000a2aaefd0,0x00000000aa200000)
 Metaspace       used 6576K, capacity 7320K, committed 7680K, reserved 1056768K
  class space    used 616K, capacity 656K, committed 768K, reserved 1048576K
Event: 87.705 GC heap after
Heap after GC invocations=27 (full 6):
 PSYoungGen      total 493568K, used 101451K [0x00000000d5580000, 0x0000000100000000, 0x0000000100000000)
  eden space 288256K, 0% used [0x00000000d5580000,0x00000000d5580000,0x00000000e6f00000)
  from space 205312K, 49% used [0x00000000e6f00000,0x00000000ed212d58,0x00000000f3780000)
  to   space 202240K, 0% used [0x00000000f3a80000,0x00000000f3a80000,0x0000000100000000)
 ParOldGen       total 690176K, used 638158K [0x0000000080000000, 0x00000000aa200000, 0x00000000d5580000)
  object space 690176K, 92% used [0x0000000080000000,0x00000000a6f33860,0x00000000aa200000)
 Metaspace       used 6576K, capacity 7320K, committed 7680K, reserved 1056768K
  class space    used 616K, capacity 656K, committed 768K, reserved 1048576K
}
Event: 87.705 GC heap before
{Heap before GC invocations=28 (full 7):
 PSYoungGen      total 493568K, used 101451K [0x00000000d5580000, 0x0000000100000000, 0x0000000100000000)
  eden space 288256K, 0% used [0x00000000d5580000,0x00000000d5580000,0x00000000e6f00000)
  from space 205312K, 49% used [0x00000000e6f00000,0x00000000ed212d58,0x00000000f3780000)
  to   space 202240K, 0% used [0x00000000f3a80000,0x00000000f3a80000,0x0000000100000000)
 ParOldGen       total 690176K, used 638158K [0x0000000080000000, 0x00000000aa200000, 0x00000000d5580000)
  object space 690176K, 92% used [0x0000000080000000,0x00000000a6f33860,0x00000000aa200000)
 Metaspace       used 6576K, capacity 7320K, committed 7680K, reserved 1056768K
  class space    used 616K, capacity 656K, committed 768K, reserved 1048576K

