# JRE version: Java(TM) SE Runtime Environment (8.0_60-b27) (build 1.8.0_60-b27)
# Java VM: Java HotSpot(TM) 64-Bit Server VM (25.60-b23 mixed mode linux-amd64 compressed oops)
Heap:
 PSYoungGen      total 465920K, used 0K [0x00000000d5580000, 0x0000000100000000, 0x0000000100000000)
  eden space 232960K, 0% used [0x00000000d5580000,0x00000000d5580000,0x00000000e3900000)
  from space 232960K, 0% used [0x00000000f1c80000,0x00000000f1c80000,0x0000000100000000)
  to   space 232960K, 0% used [0x00000000e3900000,0x00000000e3900000,0x00000000f1c80000)
 ParOldGen       total 1034752K, used 951118K [0x0000000080000000, 0x00000000bf280000, 0x00000000d5580000)
  object space 1034752K, 91% used [0x0000000080000000,0x00000000ba0d39b8,0x00000000bf280000)
 Metaspace       used 6705K, capacity 7384K, committed 7680K, reserved 1056768K
  class space    used 621K, capacity 656K, committed 768K, reserved 1048576K
GC Heap History (10 events):
Event: 74.671 GC heap after
Heap after GC invocations=37 (full 7):
 PSYoungGen      total 468480K, used 71198K [0x00000000d5580000, 0x00000000ff180000, 0x0000000100000000)
  eden space 246784K, 0% used [0x00000000d5580000,0x00000000d5580000,0x00000000e4680000)
  from space 221696K, 32% used [0x00000000f1900000,0x00000000f5e87a28,0x00000000ff180000)
  to   space 215552K, 0% used [0x00000000e4680000,0x00000000e4680000,0x00000000f1900000)
 ParOldGen       total 1034752K, used 905691K [0x0000000080000000, 0x00000000bf280000, 0x00000000d5580000)
  object space 1034752K, 87% used [0x0000000080000000,0x00000000b7476dd8,0x00000000bf280000)
 Metaspace       used 6656K, capacity 7384K, committed 7680K, reserved 1056768K
  class space    used 619K, capacity 656K, committed 768K, reserved 1048576K
}
Event: 75.944 GC heap before
{Heap before GC invocations=38 (full 7):
 PSYoungGen      total 468480K, used 317982K [0x00000000d5580000, 0x00000000ff180000, 0x0000000100000000)
  eden space 246784K, 100% used [0x00000000d5580000,0x00000000e4680000,0x00000000e4680000)
  from space 221696K, 32% used [0x00000000f1900000,0x00000000f5e87a28,0x00000000ff180000)
  to   space 215552K, 0% used [0x00000000e4680000,0x00000000e4680000,0x00000000f1900000)
 ParOldGen       total 1034752K, used 905691K [0x0000000080000000, 0x00000000bf280000, 0x00000000d5580000)
  object space 1034752K, 87% used [0x0000000080000000,0x00000000b7476dd8,0x00000000bf280000)
 Metaspace       used 6683K, capacity 7384K, committed 7680K, reserved 1056768K
  class space    used 621K, capacity 656K, committed 768K, reserved 1048576K
Event: 76.257 GC heap after
Heap after GC invocations=38 (full 7):
 PSYoungGen      total 462336K, used 104486K [0x00000000d5580000, 0x00000000ff300000, 0x0000000100000000)
  eden space 246784K, 0% used [0x00000000d5580000,0x00000000d5580000,0x00000000e4680000)
  from space 215552K, 48% used [0x00000000e4680000,0x00000000eac89928,0x00000000f1900000)
  to   space 211968K, 0% used [0x00000000f2400000,0x00000000f2400000,0x00000000ff300000)
 ParOldGen       total 1034752K, used 905691K [0x0000000080000000, 0x00000000bf280000, 0x00000000d5580000)
  object space 1034752K, 87% used [0x0000000080000000,0x00000000b7476dd8,0x00000000bf280000)
 Metaspace       used 6683K, capacity 7384K, committed 7680K, reserved 1056768K
  class space    used 621K, capacity 656K, committed 768K, reserved 1048576K
}
Event: 77.412 GC heap before
{Heap before GC invocations=39 (full 7):
 PSYoungGen      total 462336K, used 351270K [0x00000000d5580000, 0x00000000ff300000, 0x0000000100000000)
  eden space 246784K, 100% used [0x00000000d5580000,0x00000000e4680000,0x00000000e4680000)
  from space 215552K, 48% used [0x00000000e4680000,0x00000000eac89928,0x00000000f1900000)
  to   space 211968K, 0% used [0x00000000f2400000,0x00000000f2400000,0x00000000ff300000)
 ParOldGen       total 1034752K, used 905691K [0x0000000080000000, 0x00000000bf280000, 0x00000000d5580000)
  object space 1034752K, 87% used [0x0000000080000000,0x00000000b7476dd8,0x00000000bf280000)
 Metaspace       used 6683K, capacity 7384K, committed 7680K, reserved 1056768K
  class space    used 621K, capacity 656K, committed 768K, reserved 1048576K
Event: 77.671 GC heap after
Heap after GC invocations=39 (full 7):
 PSYoungGen      total 464896K, used 139404K [0x00000000d5580000, 0x0000000100000000, 0x0000000100000000)
  eden space 252928K, 0% used [0x00000000d5580000,0x00000000d5580000,0x00000000e4c80000)
  from space 211968K, 65% used [0x00000000f2400000,0x00000000fac23328,0x00000000ff300000)
  to   space 220672K, 0% used [0x00000000e4c80000,0x00000000e4c80000,0x00000000f2400000)
 ParOldGen       total 1034752K, used 905691K [0x0000000080000000, 0x00000000bf280000, 0x00000000d5580000)
  object space 1034752K, 87% used [0x0000000080000000,0x00000000b7476dd8,0x00000000bf280000)
 Metaspace       used 6683K, capacity 7384K, committed 7680K, reserved 1056768K
  class space    used 621K, capacity 656K, committed 768K, reserved 1048576K
}
Event: 78.908 GC heap before
{Heap before GC invocations=40 (full 7):
 PSYoungGen      total 464896K, used 392332K [0x00000000d5580000, 0x0000000100000000, 0x0000000100000000)
  eden space 252928K, 100% used [0x00000000d5580000,0x00000000e4c80000,0x00000000e4c80000)
  from space 211968K, 65% used [0x00000000f2400000,0x00000000fac23328,0x00000000ff300000)
  to   space 220672K, 0% used [0x00000000e4c80000,0x00000000e4c80000,0x00000000f2400000)
 ParOldGen       total 1034752K, used 905691K [0x0000000080000000, 0x00000000bf280000, 0x00000000d5580000)
  object space 1034752K, 87% used [0x0000000080000000,0x00000000b7476dd8,0x00000000bf280000)
 Metaspace       used 6688K, capacity 7384K, committed 7680K, reserved 1056768K
  class space    used 621K, capacity 656K, committed 768K, reserved 1048576K
Event: 79.225 GC heap after
Heap after GC invocations=40 (full 7):
 PSYoungGen      total 428544K, used 175496K [0x00000000d5580000, 0x0000000100000000, 0x0000000100000000)
  eden space 252928K, 0% used [0x00000000d5580000,0x00000000d5580000,0x00000000e4c80000)
  from space 175616K, 99% used [0x00000000e4c80000,0x00000000ef7e2108,0x00000000ef800000)
  to   space 232960K, 0% used [0x00000000f1c80000,0x00000000f1c80000,0x0000000100000000)
 ParOldGen       total 1034752K, used 905691K [0x0000000080000000, 0x00000000bf280000, 0x00000000d5580000)
  object space 1034752K, 87% used [0x0000000080000000,0x00000000b7476dd8,0x00000000bf280000)
 Metaspace       used 6688K, capacity 7384K, committed 7680K, reserved 1056768K
  class space    used 621K, capacity 656K, committed 768K, reserved 1048576K
}
Event: 80.267 GC heap before
{Heap before GC invocations=41 (full 7):
 PSYoungGen      total 428544K, used 428424K [0x00000000d5580000, 0x0000000100000000, 0x0000000100000000)
  eden space 252928K, 100% used [0x00000000d5580000,0x00000000e4c80000,0x00000000e4c80000)
  from space 175616K, 99% used [0x00000000e4c80000,0x00000000ef7e2108,0x00000000ef800000)
  to   space 232960K, 0% used [0x00000000f1c80000,0x00000000f1c80000,0x0000000100000000)
 ParOldGen       total 1034752K, used 905691K [0x0000000080000000, 0x00000000bf280000, 0x00000000d5580000)
  object space 1034752K, 87% used [0x0000000080000000,0x00000000b7476dd8,0x00000000bf280000)
 Metaspace       used 6705K, capacity 7384K, committed 7680K, reserved 1056768K
  class space    used 621K, capacity 656K, committed 768K, reserved 1048576K
Event: 80.666 GC heap after
Heap after GC invocations=41 (full 7):
 PSYoungGen      total 465920K, used 145202K [0x00000000d5580000, 0x0000000100000000, 0x0000000100000000)
  eden space 232960K, 0% used [0x00000000d5580000,0x00000000d5580000,0x00000000e3900000)
  from space 232960K, 62% used [0x00000000f1c80000,0x00000000faa4c8d0,0x0000000100000000)
  to   space 232960K, 0% used [0x00000000e3900000,0x00000000e3900000,0x00000000f1c80000)
 ParOldGen       total 1034752K, used 974661K [0x0000000080000000, 0x00000000bf280000, 0x00000000d5580000)
  object space 1034752K, 94% used [0x0000000080000000,0x00000000bb7d14e0,0x00000000bf280000)
 Metaspace       used 6705K, capacity 7384K, committed 7680K, reserved 1056768K
  class space    used 621K, capacity 656K, committed 768K, reserved 1048576K
}
Event: 80.666 GC heap before
{Heap before GC invocations=42 (full 8):
 PSYoungGen      total 465920K, used 145202K [0x00000000d5580000, 0x0000000100000000, 0x0000000100000000)
  eden space 232960K, 0% used [0x00000000d5580000,0x00000000d5580000,0x00000000e3900000)
  from space 232960K, 62% used [0x00000000f1c80000,0x00000000faa4c8d0,0x0000000100000000)
  to   space 232960K, 0% used [0x00000000e3900000,0x00000000e3900000,0x00000000f1c80000)
 ParOldGen       total 1034752K, used 974661K [0x0000000080000000, 0x00000000bf280000, 0x00000000d5580000)
  object space 1034752K, 94% used [0x0000000080000000,0x00000000bb7d14e0,0x00000000bf280000)
 Metaspace       used 6705K, capacity 7384K, committed 7680K, reserved 1056768K
  class space    used 621K, capacity 656K, committed 768K, reserved 1048576K

